# JRE version: OpenJDK Runtime Environment Temurin-17.0.13+11 (17.0.13+11) (build 17.0.13+11)
# Java VM: OpenJDK 64-Bit Server VM Temurin-17.0.13+11 (17.0.13+11, mixed mode, tiered, compressed oops, compressed class ptrs, parallel gc, windows-amd64)
GC Precious Log:
 CPUs: 12 total, 12 available
 Memory: 16226M
 Large Page Support: Disabled
 NUMA Support: Disabled
 Compressed Oops: Enabled (32-bit)
 Alignments: Space 512K, Generation 512K, Heap 2M
 Heap Min Capacity: 100M
 Heap Initial Capacity: 100M
 Heap Max Capacity: 1G
 Pre-touch: Disabled
 Parallel Workers: 10
Heap:
 PSYoungGen      total 5120K, used 1138K [0x00000000eab00000, 0x00000000eb100000, 0x0000000100000000)
  eden space 4096K, 2% used [0x00000000eab00000,0x00000000eab1c9e0,0x00000000eaf00000)
  from space 1024K, 100% used [0x00000000eb000000,0x00000000eb100000,0x00000000eb100000)
  to   space 512K, 0% used [0x00000000eaf00000,0x00000000eaf00000,0x00000000eaf80000)
 ParOldGen       total 257024K, used 250971K [0x00000000c0000000, 0x00000000cfb00000, 0x00000000eab00000)
  object space 257024K, 97% used [0x00000000c0000000,0x00000000cf516d50,0x00000000cfb00000)
 Metaspace       used 112954K, committed 114560K, reserved 1179648K
  class space    used 10832K, committed 11584K, reserved 1048576K
GC Heap History (20 events):
Event: 11577.279 GC heap before
{Heap before GC invocations=18203 (full 372):
 PSYoungGen      total 5632K, used 5628K [0x00000000eab00000, 0x00000000eb200000, 0x0000000100000000)
  eden space 4096K, 100% used [0x00000000eab00000,0x00000000eaf00000,0x00000000eaf00000)
  from space 1536K, 99% used [0x00000000eb080000,0x00000000eb1ff078,0x00000000eb200000)
  to   space 1536K, 0% used [0x00000000eaf00000,0x00000000eaf00000,0x00000000eb080000)
 ParOldGen       total 257024K, used 240398K [0x00000000c0000000, 0x00000000cfb00000, 0x00000000eab00000)
  object space 257024K, 93% used [0x00000000c0000000,0x00000000ceac3af8,0x00000000cfb00000)
 Metaspace       used 112953K, committed 114496K, reserved 1179648K
  class space    used 10832K, committed 11584K, reserved 1048576K
}
Event: 11577.281 GC heap after
{Heap after GC invocations=18203 (full 372):
 PSYoungGen      total 4608K, used 224K [0x00000000eab00000, 0x00000000eb100000, 0x0000000100000000)
  eden space 4096K, 0% used [0x00000000eab00000,0x00000000eab00000,0x00000000eaf00000)
  from space 512K, 43% used [0x00000000eaf00000,0x00000000eaf38000,0x00000000eaf80000)
  to   space 1024K, 0% used [0x00000000eb000000,0x00000000eb000000,0x00000000eb100000)
 ParOldGen       total 257024K, used 241875K [0x00000000c0000000, 0x00000000cfb00000, 0x00000000eab00000)
  object space 257024K, 94% used [0x00000000c0000000,0x00000000cec34d18,0x00000000cfb00000)
 Metaspace       used 112953K, committed 114496K, reserved 1179648K
  class space    used 10832K, committed 11584K, reserved 1048576K
}
Event: 11577.293 GC heap before
{Heap before GC invocations=18204 (full 372):
 PSYoungGen      total 4608K, used 4320K [0x00000000eab00000, 0x00000000eb100000, 0x0000000100000000)
  eden space 4096K, 100% used [0x00000000eab00000,0x00000000eaf00000,0x00000000eaf00000)
  from space 512K, 43% used [0x00000000eaf00000,0x00000000eaf38000,0x00000000eaf80000)
  to   space 1024K, 0% used [0x00000000eb000000,0x00000000eb000000,0x00000000eb100000)
 ParOldGen       total 257024K, used 241875K [0x00000000c0000000, 0x00000000cfb00000, 0x00000000eab00000)
  object space 257024K, 94% used [0x00000000c0000000,0x00000000cec34d18,0x00000000cfb00000)
 Metaspace       used 112953K, committed 114496K, reserved 1179648K
  class space    used 10832K, committed 11584K, reserved 1048576K
}
Event: 11577.294 GC heap after
{Heap after GC invocations=18204 (full 372):
 PSYoungGen      total 5120K, used 1024K [0x00000000eab00000, 0x00000000eb100000, 0x0000000100000000)
  eden space 4096K, 0% used [0x00000000eab00000,0x00000000eab00000,0x00000000eaf00000)
  from space 1024K, 100% used [0x00000000eb000000,0x00000000eb100000,0x00000000eb100000)
  to   space 512K, 0% used [0x00000000eaf00000,0x00000000eaf00000,0x00000000eaf80000)
 ParOldGen       total 257024K, used 242077K [0x00000000c0000000, 0x00000000cfb00000, 0x00000000eab00000)
  object space 257024K, 94% used [0x00000000c0000000,0x00000000cec67618,0x00000000cfb00000)
 Metaspace       used 112953K, committed 114496K, reserved 1179648K
  class space    used 10832K, committed 11584K, reserved 1048576K
}
Event: 11577.305 GC heap before
{Heap before GC invocations=18205 (full 372):
 PSYoungGen      total 5120K, used 5120K [0x00000000eab00000, 0x00000000eb100000, 0x0000000100000000)
  eden space 4096K, 100% used [0x00000000eab00000,0x00000000eaf00000,0x00000000eaf00000)
  from space 1024K, 100% used [0x00000000eb000000,0x00000000eb100000,0x00000000eb100000)
  to   space 512K, 0% used [0x00000000eaf00000,0x00000000eaf00000,0x00000000eaf80000)
 ParOldGen       total 257024K, used 242077K [0x00000000c0000000, 0x00000000cfb00000, 0x00000000eab00000)
  object space 257024K, 94% used [0x00000000c0000000,0x00000000cec67618,0x00000000cfb00000)
 Metaspace       used 112953K, committed 114496K, reserved 1179648K
  class space    used 10832K, committed 11584K, reserved 1048576K
}
Event: 11577.307 GC heap after
{Heap after GC invocations=18205 (full 372):
 PSYoungGen      total 4608K, used 504K [0x00000000eab00000, 0x00000000eb100000, 0x0000000100000000)
  eden space 4096K, 0% used [0x00000000eab00000,0x00000000eab00000,0x00000000eaf00000)
  from space 512K, 98% used [0x00000000eaf00000,0x00000000eaf7e398,0x00000000eaf80000)
  to   space 1024K, 0% used [0x00000000eb000000,0x00000000eb000000,0x00000000eb100000)
 ParOldGen       total 257024K, used 243723K [0x00000000c0000000, 0x00000000cfb00000, 0x00000000eab00000)
  object space 257024K, 94% used [0x00000000c0000000,0x00000000cee02fd8,0x00000000cfb00000)
 Metaspace       used 112953K, committed 114496K, reserved 1179648K
  class space    used 10832K, committed 11584K, reserved 1048576K
}
Event: 11577.313 GC heap before
{Heap before GC invocations=18206 (full 372):
 PSYoungGen      total 4608K, used 4600K [0x00000000eab00000, 0x00000000eb100000, 0x0000000100000000)
  eden space 4096K, 100% used [0x00000000eab00000,0x00000000eaf00000,0x00000000eaf00000)
  from space 512K, 98% used [0x00000000eaf00000,0x00000000eaf7e398,0x00000000eaf80000)
  to   space 1024K, 0% used [0x00000000eb000000,0x00000000eb000000,0x00000000eb100000)
 ParOldGen       total 257024K, used 243723K [0x00000000c0000000, 0x00000000cfb00000, 0x00000000eab00000)
  object space 257024K, 94% used [0x00000000c0000000,0x00000000cee02fd8,0x00000000cfb00000)
 Metaspace       used 112953K, committed 114496K, reserved 1179648K
  class space    used 10832K, committed 11584K, reserved 1048576K
}
Event: 11577.315 GC heap after
{Heap after GC invocations=18206 (full 372):
 PSYoungGen      total 5120K, used 998K [0x00000000eab00000, 0x00000000eb100000, 0x0000000100000000)
  eden space 4096K, 0% used [0x00000000eab00000,0x00000000eab00000,0x00000000eaf00000)
  from space 1024K, 97% used [0x00000000eb000000,0x00000000eb0f9980,0x00000000eb100000)
  to   space 512K, 0% used [0x00000000eaf00000,0x00000000eaf00000,0x00000000eaf80000)
 ParOldGen       total 257024K, used 244402K [0x00000000c0000000, 0x00000000cfb00000, 0x00000000eab00000)
  object space 257024K, 95% used [0x00000000c0000000,0x00000000ceeacbb8,0x00000000cfb00000)
 Metaspace       used 112953K, committed 114496K, reserved 1179648K
  class space    used 10832K, committed 11584K, reserved 1048576K
}
Event: 11577.324 GC heap before
{Heap before GC invocations=18207 (full 372):
 PSYoungGen      total 5120K, used 5094K [0x00000000eab00000, 0x00000000eb100000, 0x0000000100000000)
  eden space 4096K, 100% used [0x00000000eab00000,0x00000000eaf00000,0x00000000eaf00000)
  from space 1024K, 97% used [0x00000000eb000000,0x00000000eb0f9980,0x00000000eb100000)
  to   space 512K, 0% used [0x00000000eaf00000,0x00000000eaf00000,0x00000000eaf80000)
 ParOldGen       total 257024K, used 244402K [0x00000000c0000000, 0x00000000cfb00000, 0x00000000eab00000)
  object space 257024K, 95% used [0x00000000c0000000,0x00000000ceeacbb8,0x00000000cfb00000)
 Metaspace       used 112953K, committed 114496K, reserved 1179648K
  class space    used 10832K, committed 11584K, reserved 1048576K
}
Event: 11577.326 GC heap after
{Heap after GC invocations=18207 (full 372):
 PSYoungGen      total 4608K, used 512K [0x00000000eab00000, 0x00000000eb100000, 0x0000000100000000)
  eden space 4096K, 0% used [0x00000000eab00000,0x00000000eab00000,0x00000000eaf00000)
  from space 512K, 100% used [0x00000000eaf00000,0x00000000eaf80000,0x00000000eaf80000)
  to   space 1024K, 0% used [0x00000000eb000000,0x00000000eb000000,0x00000000eb100000)
 ParOldGen       total 257024K, used 246167K [0x00000000c0000000, 0x00000000cfb00000, 0x00000000eab00000)
  object space 257024K, 95% used [0x00000000c0000000,0x00000000cf065e40,0x00000000cfb00000)
 Metaspace       used 112953K, committed 114496K, reserved 1179648K
  class space    used 10832K, committed 11584K, reserved 1048576K
}
Event: 11577.337 GC heap before
{Heap before GC invocations=18208 (full 372):
 PSYoungGen      total 4608K, used 4608K [0x00000000eab00000, 0x00000000eb100000, 0x0000000100000000)
  eden space 4096K, 100% used [0x00000000eab00000,0x00000000eaf00000,0x00000000eaf00000)
  from space 512K, 100% used [0x00000000eaf00000,0x00000000eaf80000,0x00000000eaf80000)
  to   space 1024K, 0% used [0x00000000eb000000,0x00000000eb000000,0x00000000eb100000)
 ParOldGen       total 257024K, used 246167K [0x00000000c0000000, 0x00000000cfb00000, 0x00000000eab00000)
  object space 257024K, 95% used [0x00000000c0000000,0x00000000cf065e40,0x00000000cfb00000)
 Metaspace       used 112953K, committed 114496K, reserved 1179648K
  class space    used 10832K, committed 11584K, reserved 1048576K
}
Event: 11577.339 GC heap after
{Heap after GC invocations=18208 (full 372):
 PSYoungGen      total 5120K, used 1024K [0x00000000eab00000, 0x00000000eb100000, 0x0000000100000000)
  eden space 4096K, 0% used [0x00000000eab00000,0x00000000eab00000,0x00000000eaf00000)
  from space 1024K, 100% used [0x00000000eb000000,0x00000000eb100000,0x00000000eb100000)
  to   space 512K, 0% used [0x00000000eaf00000,0x00000000eaf00000,0x00000000eaf80000)
 ParOldGen       total 257024K, used 246922K [0x00000000c0000000, 0x00000000cfb00000, 0x00000000eab00000)
  object space 257024K, 96% used [0x00000000c0000000,0x00000000cf122850,0x00000000cfb00000)
 Metaspace       used 112953K, committed 114496K, reserved 1179648K
  class space    used 10832K, committed 11584K, reserved 1048576K
}
Event: 11577.357 GC heap before
{Heap before GC invocations=18209 (full 372):
 PSYoungGen      total 5120K, used 5120K [0x00000000eab00000, 0x00000000eb100000, 0x0000000100000000)
  eden space 4096K, 100% used [0x00000000eab00000,0x00000000eaf00000,0x00000000eaf00000)
  from space 1024K, 100% used [0x00000000eb000000,0x00000000eb100000,0x00000000eb100000)
  to   space 512K, 0% used [0x00000000eaf00000,0x00000000eaf00000,0x00000000eaf80000)
 ParOldGen       total 257024K, used 246922K [0x00000000c0000000, 0x00000000cfb00000, 0x00000000eab00000)
  object space 257024K, 96% used [0x00000000c0000000,0x00000000cf122850,0x00000000cfb00000)
 Metaspace       used 112954K, committed 114560K, reserved 1179648K
  class space    used 10832K, committed 11584K, reserved 1048576K
}
Event: 11577.359 GC heap after
{Heap after GC invocations=18209 (full 372):
 PSYoungGen      total 4608K, used 456K [0x00000000eab00000, 0x00000000eb100000, 0x0000000100000000)
  eden space 4096K, 0% used [0x00000000eab00000,0x00000000eab00000,0x00000000eaf00000)
  from space 512K, 89% used [0x00000000eaf00000,0x00000000eaf723c8,0x00000000eaf80000)
  to   space 1024K, 0% used [0x00000000eb000000,0x00000000eb000000,0x00000000eb100000)
 ParOldGen       total 257024K, used 247979K [0x00000000c0000000, 0x00000000cfb00000, 0x00000000eab00000)
  object space 257024K, 96% used [0x00000000c0000000,0x00000000cf22afd0,0x00000000cfb00000)
 Metaspace       used 112954K, committed 114560K, reserved 1179648K
  class space    used 10832K, committed 11584K, reserved 1048576K
}
Event: 11577.372 GC heap before
{Heap before GC invocations=18210 (full 372):
 PSYoungGen      total 4608K, used 4552K [0x00000000eab00000, 0x00000000eb100000, 0x0000000100000000)
  eden space 4096K, 100% used [0x00000000eab00000,0x00000000eaf00000,0x00000000eaf00000)
  from space 512K, 89% used [0x00000000eaf00000,0x00000000eaf723c8,0x00000000eaf80000)
  to   space 1024K, 0% used [0x00000000eb000000,0x00000000eb000000,0x00000000eb100000)
 ParOldGen       total 257024K, used 247979K [0x00000000c0000000, 0x00000000cfb00000, 0x00000000eab00000)
  object space 257024K, 96% used [0x00000000c0000000,0x00000000cf22afd0,0x00000000cfb00000)
 Metaspace       used 112954K, committed 114560K, reserved 1179648K
  class space    used 10832K, committed 11584K, reserved 1048576K
}
Event: 11577.374 GC heap after
{Heap after GC invocations=18210 (full 372):
 PSYoungGen      total 5120K, used 1011K [0x00000000eab00000, 0x00000000eb100000, 0x0000000100000000)
  eden space 4096K, 0% used [0x00000000eab00000,0x00000000eab00000,0x00000000eaf00000)
  from space 1024K, 98% used [0x00000000eb000000,0x00000000eb0fccb0,0x00000000eb100000)
  to   space 512K, 0% used [0x00000000eaf00000,0x00000000eaf00000,0x00000000eaf80000)
 ParOldGen       total 257024K, used 248546K [0x00000000c0000000, 0x00000000cfb00000, 0x00000000eab00000)
  object space 257024K, 96% used [0x00000000c0000000,0x00000000cf2b8978,0x00000000cfb00000)
 Metaspace       used 112954K, committed 114560K, reserved 1179648K
  class space    used 10832K, committed 11584K, reserved 1048576K
}
Event: 11577.427 GC heap before
{Heap before GC invocations=18211 (full 372):
 PSYoungGen      total 5120K, used 5107K [0x00000000eab00000, 0x00000000eb100000, 0x0000000100000000)
  eden space 4096K, 100% used [0x00000000eab00000,0x00000000eaf00000,0x00000000eaf00000)
  from space 1024K, 98% used [0x00000000eb000000,0x00000000eb0fccb0,0x00000000eb100000)
  to   space 512K, 0% used [0x00000000eaf00000,0x00000000eaf00000,0x00000000eaf80000)
 ParOldGen       total 257024K, used 248546K [0x00000000c0000000, 0x00000000cfb00000, 0x00000000eab00000)
  object space 257024K, 96% used [0x00000000c0000000,0x00000000cf2b8978,0x00000000cfb00000)
 Metaspace       used 112954K, committed 114560K, reserved 1179648K
  class space    used 10832K, committed 11584K, reserved 1048576K
}
Event: 11577.429 GC heap after
{Heap after GC invocations=18211 (full 372):
 PSYoungGen      total 4608K, used 512K [0x00000000eab00000, 0x00000000eb100000, 0x0000000100000000)
  eden space 4096K, 0% used [0x00000000eab00000,0x00000000eab00000,0x00000000eaf00000)
  from space 512K, 100% used [0x00000000eaf00000,0x00000000eaf80000,0x00000000eaf80000)
  to   space 1024K, 0% used [0x00000000eb000000,0x00000000eb000000,0x00000000eb100000)
 ParOldGen       total 257024K, used 250248K [0x00000000c0000000, 0x00000000cfb00000, 0x00000000eab00000)
  object space 257024K, 97% used [0x00000000c0000000,0x00000000cf462098,0x00000000cfb00000)
 Metaspace       used 112954K, committed 114560K, reserved 1179648K
  class space    used 10832K, committed 11584K, reserved 1048576K
}
Event: 11577.445 GC heap before
{Heap before GC invocations=18212 (full 372):
 PSYoungGen      total 4608K, used 4608K [0x00000000eab00000, 0x00000000eb100000, 0x0000000100000000)
  eden space 4096K, 100% used [0x00000000eab00000,0x00000000eaf00000,0x00000000eaf00000)
  from space 512K, 100% used [0x00000000eaf00000,0x00000000eaf80000,0x00000000eaf80000)
  to   space 1024K, 0% used [0x00000000eb000000,0x00000000eb000000,0x00000000eb100000)
 ParOldGen       total 257024K, used 250248K [0x00000000c0000000, 0x00000000cfb00000, 0x00000000eab00000)
  object space 257024K, 97% used [0x00000000c0000000,0x00000000cf462098,0x00000000cfb00000)
 Metaspace       used 112954K, committed 114560K, reserved 1179648K
  class space    used 10832K, committed 11584K, reserved 1048576K
}
Event: 11577.447 GC heap after
{Heap after GC invocations=18212 (full 372):
 PSYoungGen      total 5120K, used 1024K [0x00000000eab00000, 0x00000000eb100000, 0x0000000100000000)
  eden space 4096K, 0% used [0x00000000eab00000,0x00000000eab00000,0x00000000eaf00000)
  from space 1024K, 100% used [0x00000000eb000000,0x00000000eb100000,0x00000000eb100000)
  to   space 512K, 0% used [0x00000000eaf00000,0x00000000eaf00000,0x00000000eaf80000)
 ParOldGen       total 257024K, used 250971K [0x00000000c0000000, 0x00000000cfb00000, 0x00000000eab00000)
  object space 257024K, 97% used [0x00000000c0000000,0x00000000cf516d50,0x00000000cfb00000)
 Metaspace       used 112954K, committed 114560K, reserved 1179648K
  class space    used 10832K, committed 11584K, reserved 1048576K
}

